# JRE version: OpenJDK Runtime Environment Temurin-17.0.5+8 (17.0.5+8) (build 17.0.5+8)
# Java VM: OpenJDK 64-Bit Server VM Temurin-17.0.5+8 (17.0.5+8, mixed mode, tiered, compressed oops, compressed class ptrs, g1 gc, windows-amd64)
GC Precious Log:
 CPUs: 20 total, 20 available
 Memory: 16004M
 Large Page Support: Disabled
 NUMA Support: Disabled
 Compressed Oops: Enabled (Zero based)
 Heap Region Size: 2M
 Heap Min Capacity: 8M
 Heap Initial Capacity: 252M
 Heap Max Capacity: 4002M
 Pre-touch: Disabled
 Parallel Workers: 15
 Concurrent Workers: 4
 Concurrent Refinement Workers: 15
 Periodic GC: Disabled
Heap:
 garbage-first heap   total 49152K, used 22592K [0x0000000705e00000, 0x0000000800000000)
  region size 2048K, 1 young (2048K), 1 survivors (2048K)
 Metaspace       used 31196K, committed 31424K, reserved 1081344K
  class space    used 3502K, committed 3584K, reserved 1048576K
GC Heap History (20 events):
Event: 0.886 GC heap after
{Heap after GC invocations=1 (full 0):
 garbage-first heap   total 258048K, used 7008K [0x0000000705e00000, 0x0000000800000000)
  region size 2048K, 2 young (4096K), 2 survivors (4096K)
 Metaspace       used 13508K, committed 13696K, reserved 1064960K
  class space    used 1309K, committed 1408K, reserved 1048576K
}
Event: 3.347 GC heap before
{Heap before GC invocations=1 (full 0):
 garbage-first heap   total 258048K, used 27488K [0x0000000705e00000, 0x0000000800000000)
  region size 2048K, 13 young (26624K), 2 survivors (4096K)
 Metaspace       used 21318K, committed 21504K, reserved 1073152K
  class space    used 2281K, committed 2368K, reserved 1048576K
}
Event: 3.351 GC heap after
{Heap after GC invocations=2 (full 0):
 garbage-first heap   total 258048K, used 9806K [0x0000000705e00000, 0x0000000800000000)
  region size 2048K, 2 young (4096K), 2 survivors (4096K)
 Metaspace       used 21318K, committed 21504K, reserved 1073152K
  class space    used 2281K, committed 2368K, reserved 1048576K
}
Event: 4.085 GC heap before
{Heap before GC invocations=3 (full 0):
 garbage-first heap   total 49152K, used 30286K [0x0000000705e00000, 0x0000000800000000)
  region size 2048K, 13 young (26624K), 2 survivors (4096K)
 Metaspace       used 27182K, committed 27456K, reserved 1073152K
  class space    used 3002K, committed 3136K, reserved 1048576K
}
Event: 4.089 GC heap after
{Heap after GC invocations=4 (full 0):
 garbage-first heap   total 49152K, used 13071K [0x0000000705e00000, 0x0000000800000000)
  region size 2048K, 2 young (4096K), 2 survivors (4096K)
 Metaspace       used 27182K, committed 27456K, reserved 1073152K
  class space    used 3002K, committed 3136K, reserved 1048576K
}
Event: 4.183 GC heap before
{Heap before GC invocations=4 (full 0):
 garbage-first heap   total 49152K, used 15119K [0x0000000705e00000, 0x0000000800000000)
  region size 2048K, 3 young (6144K), 2 survivors (4096K)
 Metaspace       used 27682K, committed 27904K, reserved 1081344K
  class space    used 3061K, committed 3136K, reserved 1048576K
}
Event: 4.187 GC heap after
{Heap after GC invocations=5 (full 0):
 garbage-first heap   total 49152K, used 13404K [0x0000000705e00000, 0x0000000800000000)
  region size 2048K, 1 young (2048K), 1 survivors (2048K)
 Metaspace       used 27682K, committed 27904K, reserved 1081344K
  class space    used 3061K, committed 3136K, reserved 1048576K
}
Event: 17.479 GC heap before
{Heap before GC invocations=5 (full 0):
 garbage-first heap   total 49152K, used 31836K [0x0000000705e00000, 0x0000000800000000)
  region size 2048K, 8 young (16384K), 1 survivors (2048K)
 Metaspace       used 30887K, committed 31168K, reserved 1081344K
  class space    used 3487K, committed 3584K, reserved 1048576K
}
Event: 17.483 GC heap after
{Heap after GC invocations=6 (full 0):
 garbage-first heap   total 49152K, used 21657K [0x0000000705e00000, 0x0000000800000000)
  region size 2048K, 1 young (2048K), 1 survivors (2048K)
 Metaspace       used 30887K, committed 31168K, reserved 1081344K
  class space    used 3487K, committed 3584K, reserved 1048576K
}
Event: 18.627 GC heap before
{Heap before GC invocations=6 (full 0):
 garbage-first heap   total 49152K, used 31897K [0x0000000705e00000, 0x0000000800000000)
  region size 2048K, 7 young (14336K), 1 survivors (2048K)
 Metaspace       used 30957K, committed 31168K, reserved 1081344K
  class space    used 3489K, committed 3584K, reserved 1048576K
}
Event: 18.629 GC heap after
{Heap after GC invocations=7 (full 0):
 garbage-first heap   total 49152K, used 22847K [0x0000000705e00000, 0x0000000800000000)
  region size 2048K, 1 young (2048K), 1 survivors (2048K)
 Metaspace       used 30957K, committed 31168K, reserved 1081344K
  class space    used 3489K, committed 3584K, reserved 1048576K
}
Event: 19.794 GC heap before
{Heap before GC invocations=7 (full 0):
 garbage-first heap   total 49152K, used 33087K [0x0000000705e00000, 0x0000000800000000)
  region size 2048K, 7 young (14336K), 1 survivors (2048K)
 Metaspace       used 31043K, committed 31296K, reserved 1081344K
  class space    used 3489K, committed 3584K, reserved 1048576K
}
Event: 19.795 GC heap after
{Heap after GC invocations=8 (full 0):
 garbage-first heap   total 49152K, used 22865K [0x0000000705e00000, 0x0000000800000000)
  region size 2048K, 1 young (2048K), 1 survivors (2048K)
 Metaspace       used 31043K, committed 31296K, reserved 1081344K
  class space    used 3489K, committed 3584K, reserved 1048576K
}
Event: 21.075 GC heap before
{Heap before GC invocations=9 (full 0):
 garbage-first heap   total 49152K, used 33105K [0x0000000705e00000, 0x0000000800000000)
  region size 2048K, 7 young (14336K), 1 survivors (2048K)
 Metaspace       used 31103K, committed 31360K, reserved 1081344K
  class space    used 3502K, committed 3584K, reserved 1048576K
}
Event: 21.077 GC heap after
{Heap after GC invocations=10 (full 0):
 garbage-first heap   total 49152K, used 23301K [0x0000000705e00000, 0x0000000800000000)
  region size 2048K, 1 young (2048K), 1 survivors (2048K)
 Metaspace       used 31103K, committed 31360K, reserved 1081344K
  class space    used 3502K, committed 3584K, reserved 1048576K
}
Event: 21.295 GC heap before
{Heap before GC invocations=10 (full 0):
 garbage-first heap   total 49152K, used 23301K [0x0000000705e00000, 0x0000000800000000)
  region size 2048K, 2 young (4096K), 1 survivors (2048K)
 Metaspace       used 31120K, committed 31360K, reserved 1081344K
  class space    used 3502K, committed 3584K, reserved 1048576K
}
Event: 21.297 GC heap after
{Heap after GC invocations=11 (full 0):
 garbage-first heap   total 49152K, used 21233K [0x0000000705e00000, 0x0000000800000000)
  region size 2048K, 1 young (2048K), 1 survivors (2048K)
 Metaspace       used 31120K, committed 31360K, reserved 1081344K
  class space    used 3502K, committed 3584K, reserved 1048576K
}
Event: 22.506 GC heap before
{Heap before GC invocations=11 (full 0):
 garbage-first heap   total 49152K, used 31473K [0x0000000705e00000, 0x0000000800000000)
  region size 2048K, 7 young (14336K), 1 survivors (2048K)
 Metaspace       used 31173K, committed 31360K, reserved 1081344K
  class space    used 3502K, committed 3584K, reserved 1048576K
}
Event: 22.508 GC heap after
{Heap after GC invocations=12 (full 0):
 garbage-first heap   total 49152K, used 22082K [0x0000000705e00000, 0x0000000800000000)
  region size 2048K, 1 young (2048K), 1 survivors (2048K)
 Metaspace       used 31173K, committed 31360K, reserved 1081344K
  class space    used 3502K, committed 3584K, reserved 1048576K
}
Event: 23.524 GC heap before
{Heap before GC invocations=13 (full 0):
 garbage-first heap   total 49152K, used 32322K [0x0000000705e00000, 0x0000000800000000)
  region size 2048K, 7 young (14336K), 1 survivors (2048K)
 Metaspace       used 31196K, committed 31424K, reserved 1081344K
  class space    used 3502K, committed 3584K, reserved 1048576K
}

